2018/11/15 11:15:00 - (IP: ::1)(USER AGENT: Mozilla/5.0 (Windows NT 10.0; Win64; x64) AppleWebKit/537.36 (KHTML, like Gecko) Chrome/68.0.3440.106 Safari/537.36)(REQUEST_URI: /solarbid/panel/actions/login.php) -  (fnDB_USER_INFO) MySQL Error: You have an error in your SQL syntax; check the manual that corresponds to your MySQL server version for the right syntax to use near '.SALT)' at line 7 (SQL: SELECT
							ID, USERNAME, EMAIL, ROLE_ID, LANGUAGE_ID, COUNTRY_ID
						FROM
							.USER
						WHERE
							USERNAME = ''
							AND PASSWORD = SHA1('GRanada11'.SALT))
2018/11/15 11:18:48 - (IP: ::1)(USER AGENT: Mozilla/5.0 (Windows NT 10.0; Win64; x64) AppleWebKit/537.36 (KHTML, like Gecko) Chrome/68.0.3440.106 Safari/537.36)(REQUEST_URI: /solarbid/panel/actions/login.php) -  (fnDB_USER_INFO) MySQL Error: You have an error in your SQL syntax; check the manual that corresponds to your MySQL server version for the right syntax to use near '.SALT)' at line 7 (SQL: SELECT
							ID, USERNAME, EMAIL, ROLE_ID, LANGUAGE_ID, COUNTRY_ID
						FROM
							solarbid_panel.USER
						WHERE
							USERNAME = ''
							AND PASSWORD = SHA1('GRanada11'.SALT))
2018/11/15 11:20:33 - (IP: ::1)(USER AGENT: Mozilla/5.0 (Windows NT 10.0; Win64; x64) AppleWebKit/537.36 (KHTML, like Gecko) Chrome/68.0.3440.106 Safari/537.36)(REQUEST_URI: /solarbid/panel/actions/login.php) -  (fnDB_USER_INFO) MySQL Error: You have an error in your SQL syntax; check the manual that corresponds to your MySQL server version for the right syntax to use near '.SALT)' at line 7 (SQL: SELECT
							ID, USERNAME, EMAIL, ROLE_ID, LANGUAGE_ID, COUNTRY_ID
						FROM
							DATABASE_NAME.USER
						WHERE
							USERNAME = ''
							AND PASSWORD = SHA1('GRanada11'.SALT))
2018/11/15 11:21:01 - (IP: ::1)(USER AGENT: Mozilla/5.0 (Windows NT 10.0; Win64; x64) AppleWebKit/537.36 (KHTML, like Gecko) Chrome/68.0.3440.106 Safari/537.36)(REQUEST_URI: /solarbid/panel/actions/login.php) -  (fnDB_USER_INFO) MySQL Error: You have an error in your SQL syntax; check the manual that corresponds to your MySQL server version for the right syntax to use near '.SALT)' at line 7 (SQL: SELECT
							ID, USERNAME, EMAIL, ROLE_ID, LANGUAGE_ID, COUNTRY_ID
						FROM
							USER
						WHERE
							USERNAME = ''
							AND PASSWORD = SHA1('GRanada11'.SALT))
2018/11/15 11:21:18 - (IP: ::1)(USER AGENT: Mozilla/5.0 (Windows NT 10.0; Win64; x64) AppleWebKit/537.36 (KHTML, like Gecko) Chrome/68.0.3440.106 Safari/537.36)(REQUEST_URI: /solarbid/panel/actions/login.php) -  (fnDB_USER_INFO) MySQL Error: You have an error in your SQL syntax; check the manual that corresponds to your MySQL server version for the right syntax to use near '.SALT)' at line 7 (SQL: SELECT
							ID, USERNAME, EMAIL, ROLE_ID, LANGUAGE_ID, COUNTRY_ID, SALT
						FROM
							USER
						WHERE
							USERNAME = ''
							AND PASSWORD = SHA1('GRanada11'.SALT))
