2018/11/21 15:36:18 - (IP: ::1)(USER AGENT: Mozilla/5.0 (Macintosh; Intel Mac OS X 10_13_6) AppleWebKit/537.36 (KHTML, like Gecko) Chrome/70.0.3538.102 Safari/537.36)(REQUEST_URI: /solarbid/panel/actions/login/login.php) -  (fnDB_DO_SELECT) MySQL Error: You have an error in your SQL syntax; check the manual that corresponds to your MySQL server version for the right syntax to use near 'AND U.DELETED = 0' at line 14 (SQL: SELECT
					U.ID,
					U.USERNAME,
					U.PASSWORD,
					U.EMAIL,
					U.DIN,
					U.LAST_LOGIN,
					U.ROLE_ID,
					U.LANGUAGE_ID,
					U.COUNTRY_ID
				FROM
					USER AS U
				WHERE
					U.USERNAME =  AND U.DELETED = 0)
2018/11/21 15:38:10 - (IP: ::1)(USER AGENT: Mozilla/5.0 (Macintosh; Intel Mac OS X 10_13_6) AppleWebKit/537.36 (KHTML, like Gecko) Chrome/70.0.3538.102 Safari/537.36)(REQUEST_URI: /solarbid/panel/actions/login/login.php) -  (fnDB_DO_SELECT) MySQL Error: You have an error in your SQL syntax; check the manual that corresponds to your MySQL server version for the right syntax to use near '' at line 14 (SQL: SELECT
					U.ID,
					U.USERNAME,
					U.PASSWORD,
					U.EMAIL,
					U.DIN,
					U.LAST_LOGIN,
					U.ROLE_ID,
					U.LANGUAGE_ID,
					U.COUNTRY_ID
				FROM
					USER AS U
				WHERE
					U.USERNAME = )
2018/11/21 15:39:48 - (IP: ::1)(USER AGENT: Mozilla/5.0 (Macintosh; Intel Mac OS X 10_13_6) AppleWebKit/537.36 (KHTML, like Gecko) Chrome/70.0.3538.102 Safari/537.36)(REQUEST_URI: /solarbid/panel/actions/login/login.php) -  (fnDB_DO_SELECT) MySQL Error: Unknown column 'thiago' in 'where clause' (SQL: SELECT
					U.ID,
					U.USERNAME,
					U.PASSWORD,
					U.EMAIL,
					U.DIN,
					U.LAST_LOGIN,
					U.ROLE_ID,
					U.LANGUAGE_ID,
					U.COUNTRY_ID
				FROM
					USER AS U
				WHERE
					U.USERNAME = thiago)
2018/11/21 15:40:27 - (IP: ::1)(USER AGENT: Mozilla/5.0 (Macintosh; Intel Mac OS X 10_13_6) AppleWebKit/537.36 (KHTML, like Gecko) Chrome/70.0.3538.102 Safari/537.36)(REQUEST_URI: /solarbid/panel/actions/login/login.php) -  (fnDB_LOG_AUDIT_ADD) MySQL Error: You have an error in your SQL syntax; check the manual that corresponds to your MySQL server version for the right syntax to use near ' 'Entrou no sistema.')' at line 4 (SQL: INSERT INTO AUDIT
							(IP, USER_ID, ACTION_DESC)
						 VALUES
						 	('::1', , 'Entrou no sistema.'))
2018/11/21 17:48:26 - (IP: ::1)(USER AGENT: Mozilla/5.0 (Macintosh; Intel Mac OS X 10_13_6) AppleWebKit/537.36 (KHTML, like Gecko) Chrome/70.0.3538.102 Safari/537.36)(REQUEST_URI: /solarbid/panel/actions/login/login.php) -  (fnDB_DO_EXEC) MySQL Error: Cannot add or update a child row: a foreign key constraint fails (`solarbid_panel`.`user`, CONSTRAINT `fk_USER_ROLE` FOREIGN KEY (`ROLE_ID`) REFERENCES `ROLE` (`ID`) ON DELETE NO ACTION ON UPDATE NO ACTION) (SQL: INSERT INTO USER
					(USERNAME,
					PASSWORD,
					EMAIL,
					ROLE_ID,
					LANGUAGE_ID,
					COUNTRY_ID)
				VALUES
					('thiago',
					'$2y$10$eapppGQxnqZSPKZfw8VLau9PUZcE7jYEyPRAW98Nd/wwfES9nJLFa',
					'',
					'',
					'',
					''))
2018/11/21 17:49:08 - (IP: ::1)(USER AGENT: Mozilla/5.0 (Macintosh; Intel Mac OS X 10_13_6) AppleWebKit/537.36 (KHTML, like Gecko) Chrome/70.0.3538.102 Safari/537.36)(REQUEST_URI: /solarbid/panel/actions/login/login.php) -  (fnDB_DO_EXEC) MySQL Error: Cannot add or update a child row: a foreign key constraint fails (`solarbid_panel`.`user`, CONSTRAINT `fk_USER_ROLE` FOREIGN KEY (`ROLE_ID`) REFERENCES `ROLE` (`ID`) ON DELETE NO ACTION ON UPDATE NO ACTION) (SQL: INSERT INTO USER
					(USERNAME,
					PASSWORD,
					EMAIL,
					ROLE_ID,
					LANGUAGE_ID,
					COUNTRY_ID)
				VALUES
					('thiago',
					'$2y$10$xkKWN852mQY7477PWDN8ZeAbQ3ZmehW8ooYvfLLIvPwyAOLMSjL36',
					'',
					'',
					'',
					''))
